0 info it worked if it ends with ok
1 verbose cli [ '/home/ubuntu/.nvm/v0.10.35/bin/node',
1 verbose cli   '/home/ubuntu/.nvm/v0.10.35/bin/npm',
1 verbose cli   'install',
1 verbose cli   'socket.io',
1 verbose cli   '@0.9.16' ]
2 info using npm@1.4.28
3 info using node@v0.10.35
4 warn package.json chat-example@0.0.0 No repository field.
5 warn package.json fs@0.0.2 fs is also the name of a node core module.
6 warn package.json fs@0.0.2 No description
7 warn package.json fs@0.0.2 No repository field.
8 warn package.json fs@0.0.2 No README data
9 warn package.json path@0.11.14 path is also the name of a node core module.
10 warn package.json url@0.10.3 url is also the name of a node core module.
11 verbose readDependencies using package.json deps
12 verbose cache add [ 'socket.io@^0.9.16', null ]
13 verbose cache add name=undefined spec="socket.io@^0.9.16" args=["socket.io@^0.9.16",null]
14 verbose parsed url { protocol: null,
14 verbose parsed url   slashes: null,
14 verbose parsed url   auth: null,
14 verbose parsed url   host: null,
14 verbose parsed url   port: null,
14 verbose parsed url   hostname: null,
14 verbose parsed url   hash: null,
14 verbose parsed url   search: null,
14 verbose parsed url   query: null,
14 verbose parsed url   pathname: 'socket.io@^0.9.16',
14 verbose parsed url   path: 'socket.io@^0.9.16',
14 verbose parsed url   href: 'socket.io@^0.9.16' }
15 verbose cache add [ '@0.9.16', null ]
16 verbose cache add name=undefined spec="@0.9.16" args=["@0.9.16",null]
17 verbose parsed url { protocol: null,
17 verbose parsed url   slashes: null,
17 verbose parsed url   auth: null,
17 verbose parsed url   host: null,
17 verbose parsed url   port: null,
17 verbose parsed url   hostname: null,
17 verbose parsed url   hash: null,
17 verbose parsed url   search: null,
17 verbose parsed url   query: null,
17 verbose parsed url   pathname: '@0.9.16',
17 verbose parsed url   path: '@0.9.16',
17 verbose parsed url   href: '@0.9.16' }
18 verbose cache add name="socket.io" spec="^0.9.16" args=["socket.io","^0.9.16"]
19 verbose parsed url { protocol: null,
19 verbose parsed url   slashes: null,
19 verbose parsed url   auth: null,
19 verbose parsed url   host: null,
19 verbose parsed url   port: null,
19 verbose parsed url   hostname: null,
19 verbose parsed url   hash: null,
19 verbose parsed url   search: null,
19 verbose parsed url   query: null,
19 verbose parsed url   pathname: '^0.9.16',
19 verbose parsed url   path: '^0.9.16',
19 verbose parsed url   href: '^0.9.16' }
20 verbose addNamed [ 'socket.io', '^0.9.16' ]
21 verbose addNamed [ null, '>=0.9.16-0 <0.10.0-0' ]
22 verbose cache add name="" spec="0.9.16" args=["","0.9.16"]
23 verbose parsed url { protocol: null,
23 verbose parsed url   slashes: null,
23 verbose parsed url   auth: null,
23 verbose parsed url   host: null,
23 verbose parsed url   port: null,
23 verbose parsed url   hostname: null,
23 verbose parsed url   hash: null,
23 verbose parsed url   search: null,
23 verbose parsed url   query: null,
23 verbose parsed url   pathname: '0.9.16',
23 verbose parsed url   path: '0.9.16',
23 verbose parsed url   href: '0.9.16' }
24 silly lockFile ed5b50a7-socket-io-0-9-16 socket.io@^0.9.16
25 verbose lock socket.io@^0.9.16 /home/ubuntu/.npm/ed5b50a7-socket-io-0-9-16.lock
26 silly lockFile 8c10dd2e-0-9-16 0.9.16
27 verbose lock 0.9.16 /home/ubuntu/.npm/8c10dd2e-0-9-16.lock
28 silly addNameRange { name: 'socket.io',
28 silly addNameRange   range: '>=0.9.16-0 <0.10.0-0',
28 silly addNameRange   hasData: false }
29 silly lockFile 8c10dd2e-0-9-16 0.9.16
30 silly lockFile 8c10dd2e-0-9-16 0.9.16
31 verbose addNamed [ '0.9.16', '' ]
32 verbose addNamed [ null, '*' ]
33 silly lockFile a056c90d-0-9-16 0.9.16@
34 verbose lock 0.9.16@ /home/ubuntu/.npm/a056c90d-0-9-16.lock
35 verbose request where is /socket.io
36 verbose request registry https://registry.npmjs.org/
37 verbose request id 4306499a948fc96a
38 verbose url raw /socket.io
39 verbose url resolving [ 'https://registry.npmjs.org/', './socket.io' ]
40 verbose url resolved https://registry.npmjs.org/socket.io
41 verbose request where is https://registry.npmjs.org/socket.io
42 info trying registry request attempt 1 at 17:24:53
43 verbose etag "7L1GKGVMBRXJF4ZDX15NGJND8"
44 http GET https://registry.npmjs.org/socket.io
45 silly addNameRange { name: '0.9.16', range: '*', hasData: false }
46 verbose request where is /0.9.16
47 verbose request registry https://registry.npmjs.org/
48 verbose url raw /0.9.16
49 verbose url resolving [ 'https://registry.npmjs.org/', './0.9.16' ]
50 verbose url resolved https://registry.npmjs.org/0.9.16
51 verbose request where is https://registry.npmjs.org/0.9.16
52 info trying registry request attempt 1 at 17:24:53
53 http GET https://registry.npmjs.org/0.9.16
54 http 304 https://registry.npmjs.org/socket.io
55 silly registry.get cb [ 304,
55 silly registry.get   { date: 'Tue, 28 Apr 2015 17:24:53 GMT',
55 silly registry.get     via: '1.1 varnish',
55 silly registry.get     'last-modified': 'Tue, 28 Apr 2015 17:24:53 GMT',
55 silly registry.get     'cache-control': 'max-age=60',
55 silly registry.get     etag: '"7L1GKGVMBRXJF4ZDX15NGJND8"',
55 silly registry.get     age: '48',
55 silly registry.get     connection: 'keep-alive',
55 silly registry.get     'x-served-by': 'cache-atl6221-ATL',
55 silly registry.get     'x-cache': 'HIT',
55 silly registry.get     'x-cache-hits': '1',
55 silly registry.get     'x-timer': 'S1430241893.317317,VS0,VE1',
55 silly registry.get     vary: 'Accept' } ]
56 verbose etag https://registry.npmjs.org/socket.io from cache
57 http 404 https://registry.npmjs.org/0.9.16
58 verbose headers { server: 'CouchDB/1.5.0 (Erlang OTP/R16B03)',
58 verbose headers   'content-type': 'application/json',
58 verbose headers   'cache-control': 'max-age=0',
58 verbose headers   'content-length': '51',
58 verbose headers   'accept-ranges': 'bytes',
58 verbose headers   date: 'Tue, 28 Apr 2015 17:24:53 GMT',
58 verbose headers   via: '1.1 varnish',
58 verbose headers   age: '0',
58 verbose headers   connection: 'keep-alive',
58 verbose headers   'x-served-by': 'cache-ord1731-ORD',
58 verbose headers   'x-cache': 'MISS',
58 verbose headers   'x-cache-hits': '0',
58 verbose headers   'x-timer': 'S1430241893.267053,VS0,VE70' }
59 silly registry.get cb [ 404,
59 silly registry.get   { server: 'CouchDB/1.5.0 (Erlang OTP/R16B03)',
59 silly registry.get     'content-type': 'application/json',
59 silly registry.get     'cache-control': 'max-age=0',
59 silly registry.get     'content-length': '51',
59 silly registry.get     'accept-ranges': 'bytes',
59 silly registry.get     date: 'Tue, 28 Apr 2015 17:24:53 GMT',
59 silly registry.get     via: '1.1 varnish',
59 silly registry.get     age: '0',
59 silly registry.get     connection: 'keep-alive',
59 silly registry.get     'x-served-by': 'cache-ord1731-ORD',
59 silly registry.get     'x-cache': 'MISS',
59 silly registry.get     'x-cache-hits': '0',
59 silly registry.get     'x-timer': 'S1430241893.267053,VS0,VE70' } ]
60 silly lockFile a056c90d-0-9-16 0.9.16@
61 silly lockFile a056c90d-0-9-16 0.9.16@
62 silly addNameRange number 2 { name: 'socket.io',
62 silly addNameRange   range: '>=0.9.16-0 <0.10.0-0',
62 silly addNameRange   hasData: true }
63 silly addNameRange versions [ 'socket.io',
63 silly addNameRange   [ '0.3.8',
63 silly addNameRange     '0.4.0',
63 silly addNameRange     '0.4.1',
63 silly addNameRange     '0.5.1',
63 silly addNameRange     '0.5.3',
63 silly addNameRange     '0.6.0',
63 silly addNameRange     '0.6.1',
63 silly addNameRange     '0.6.3',
63 silly addNameRange     '0.6.4',
63 silly addNameRange     '0.6.5',
63 silly addNameRange     '0.6.6',
63 silly addNameRange     '0.6.7',
63 silly addNameRange     '0.6.8',
63 silly addNameRange     '0.6.9',
63 silly addNameRange     '0.6.10',
63 silly addNameRange     '0.6.11',
63 silly addNameRange     '0.6.12',
63 silly addNameRange     '0.6.14',
63 silly addNameRange     '0.6.15',
63 silly addNameRange     '0.6.16',
63 silly addNameRange     '0.6.17',
63 silly addNameRange     '0.6.18',
63 silly addNameRange     '0.7.0',
63 silly addNameRange     '0.7.1',
63 silly addNameRange     '0.7.2',
63 silly addNameRange     '0.7.3',
63 silly addNameRange     '0.7.4',
63 silly addNameRange     '0.7.5',
63 silly addNameRange     '0.7.6',
63 silly addNameRange     '0.7.7',
63 silly addNameRange     '0.7.8',
63 silly addNameRange     '0.7.9',
63 silly addNameRange     '0.7.10',
63 silly addNameRange     '0.7.11',
63 silly addNameRange     '0.8.0',
63 silly addNameRange     '0.8.1',
63 silly addNameRange     '0.8.2',
63 silly addNameRange     '0.8.3',
63 silly addNameRange     '0.8.4',
63 silly addNameRange     '0.8.5',
63 silly addNameRange     '0.8.6',
63 silly addNameRange     '0.8.7',
63 silly addNameRange     '0.9.0',
63 silly addNameRange     '0.9.1',
63 silly addNameRange     '0.9.1-1',
63 silly addNameRange     '0.9.2',
63 silly addNameRange     '0.9.3',
63 silly addNameRange     '0.9.4',
63 silly addNameRange     '0.9.5',
63 silly addNameRange     '0.9.6',
63 silly addNameRange     '0.9.7',
63 silly addNameRange     '0.9.8',
63 silly addNameRange     '0.9.9',
63 silly addNameRange     '0.9.10',
63 silly addNameRange     '0.9.11',
63 silly addNameRange     '0.9.12',
63 silly addNameRange     '0.9.13',
63 silly addNameRange     '0.9.14',
63 silly addNameRange     '0.9.15',
63 silly addNameRange     '0.9.16',
63 silly addNameRange     '1.0.0-pre',
63 silly addNameRange     '1.0.0-pre2',
63 silly addNameRange     '1.0.0-pre3',
63 silly addNameRange     '1.0.0-pre4',
63 silly addNameRange     '1.0.0-pre5',
63 silly addNameRange     '0.9.17',
63 silly addNameRange     '1.0.0',
63 silly addNameRange     '1.0.1',
63 silly addNameRange     '1.0.2',
63 silly addNameRange     '1.0.3',
63 silly addNameRange     '1.0.4',
63 silly addNameRange     '1.0.5',
63 silly addNameRange     '1.0.6',
63 silly addNameRange     '1.1.0',
63 silly addNameRange     '1.2.0',
63 silly addNameRange     '1.2.1',
63 silly addNameRange     '1.3.0',
63 silly addNameRange     '1.3.1',
63 silly addNameRange     '1.3.2',
63 silly addNameRange     '1.3.3',
63 silly addNameRange     '1.3.4',
63 silly addNameRange     '1.3.5' ] ]
64 verbose addNamed [ 'socket.io', '0.9.17' ]
65 verbose addNamed [ '0.9.17', '0.9.17' ]
66 silly lockFile 1593240a-socket-io-0-9-17 socket.io@0.9.17
67 verbose lock socket.io@0.9.17 /home/ubuntu/.npm/1593240a-socket-io-0-9-17.lock
68 silly lockFile 1593240a-socket-io-0-9-17 socket.io@0.9.17
69 silly lockFile 1593240a-socket-io-0-9-17 socket.io@0.9.17
70 silly lockFile ed5b50a7-socket-io-0-9-16 socket.io@^0.9.16
71 silly lockFile ed5b50a7-socket-io-0-9-16 socket.io@^0.9.16
72 error 404 404 Not Found: 0.9.16
72 error 404
72 error 404 '0.9.16' is not in the npm registry.
72 error 404 You should bug the author to publish it
72 error 404 It was specified as a dependency of 'chat-example'
72 error 404
72 error 404 Note that you can also install from a
72 error 404 tarball, folder, or http url, or git url.
73 error System Linux 3.14.13-c9
74 error command "/home/ubuntu/.nvm/v0.10.35/bin/node" "/home/ubuntu/.nvm/v0.10.35/bin/npm" "install" "socket.io" "@0.9.16"
75 error cwd /home/ubuntu/workspace
76 error node -v v0.10.35
77 error npm -v 1.4.28
78 error code E404
79 verbose exit [ 1, true ]
